<?xml version="1.0" encoding="UTF-8"?>
<testsuite name="TestClass" tests="1" skipped="0" failures="0" errors="0" timestamp="2024-10-20T05:13:42" hostname="MBG-ST-LP" time="0.064">
  <properties/>
  <testcase name="myTest" classname="TestClass" time="0.064"/>
  <system-out><![CDATA[Running my test!
]]></system-out>
  <system-err><![CDATA[]]></system-err>
</testsuite>
